<?xml version="1.0" encoding="UTF-8"?>
<!-- Generated by org.testng.reporters.JUnitReportReporter -->
<testsuite hostname="LAPTOP-23TGJGAE" failures="0" tests="1" name="com.edureka.blaze_demo.StepDefinitions" time="1.185" errors="0" timestamp="2023-10-11T19:30:15 CDT" skipped="0">
  <testcase classname="com.edureka.blaze_demo.StepDefinitions" name="setup" time="1.185"/>
</testsuite> <!-- com.edureka.blaze_demo.StepDefinitions -->
